Build started 02-01-2015 19:08:35.
     1>Project "c:\Users\ashar\documents\visual studio 2013\Projects\back_trial\back_trial\back_trial.vcxproj" on node 2 (Build target(s)).
     1>ClCompile:
         C:\Program Files (x86)\Microsoft Visual Studio 12.0\VC\bin\CL.exe /c /ZI /nologo /W3 /WX- /sdl /Od /Oy- /D WIN32 /D _DEBUG /D _CONSOLE /D _LIB /D _UNICODE /D UNICODE /Gm /EHsc /RTC1 /MDd /GS /fp:precise /Zc:wchar_t /Zc:forScope /Fo"Debug\\" /Fd"Debug\vc120.pdb" /Gd /TP /analyze- /errorReport:prompt back_trial_release.cpp
         back_trial_release.cpp
     1>c:\users\ashar\documents\visual studio 2013\projects\back_trial\back_trial\back_trial_release.cpp(1): fatal error C1083: Cannot open include file: 'opencv\cv.h': No such file or directory
     1>Done Building Project "c:\Users\ashar\documents\visual studio 2013\Projects\back_trial\back_trial\back_trial.vcxproj" (Build target(s)) -- FAILED.

Build FAILED.

Time Elapsed 00:00:01.06
